<!DOCTYPE html>

<html>
  <head>
  <meta charset='utf-8'>
  <title>TestNG reports</title>

    <link type="text/css" href="testng-reports.css" rel="stylesheet" />
    <script type="text/javascript" src="jquery-1.7.1.min.js"></script>
    <script type="text/javascript" src="testng-reports.js"></script>
    <script type="text/javascript" src="https://www.google.com/jsapi"></script>
    <script type='text/javascript'>
      google.load('visualization', '1', {packages:['table']});
      google.setOnLoadCallback(drawTable);
      var suiteTableInitFunctions = new Array();
      var suiteTableData = new Array();
    </script>
    <!--
      <script type="text/javascript" src="jquery-ui/js/jquery-ui-1.8.16.custom.min.js"></script>
     -->
  </head>

  <body>
    <div class="top-banner-root">
      <span class="top-banner-title-font">Test results</span>
      <br/>
      <span class="top-banner-font-1">1 suite, 1 failed test</span>
    </div> <!-- top-banner-root -->
    <div class="navigator-root">
      <div class="navigator-suite-header">
        <span>All suites</span>
        <a href="#" title="Collapse/expand all the suites" class="collapse-all-link">
          <img src="collapseall.gif" class="collapse-all-icon">
          </img> <!-- collapse-all-icon -->
        </a> <!-- collapse-all-link -->
      </div> <!-- navigator-suite-header -->
      <div class="suite">
        <div class="rounded-window">
          <div class="suite-header light-rounded-window-top">
            <a href="#" panel-name="suite-Automation_Test_Suite_for_SignIn" class="navigator-link">
              <span class="suite-name border-failed">Automation Test Suite for SignIn</span>
            </a> <!-- navigator-link -->
          </div> <!-- suite-header light-rounded-window-top -->
          <div class="navigator-suite-content">
            <div class="suite-section-title">
              <span>Info</span>
            </div> <!-- suite-section-title -->
            <div class="suite-section-content">
              <ul>
                <li>
                  <a href="#" panel-name="test-xml-Automation_Test_Suite_for_SignIn" class="navigator-link ">
                    <span>C:\Users\Rakesh\Downloads\Compressed\Task-20220515T155317Z-001\Task\resources\testNG_xml\SanitySuite.xml</span>
                  </a> <!-- navigator-link  -->
                </li>
                <li>
                  <a href="#" panel-name="testlist-Automation_Test_Suite_for_SignIn" class="navigator-link ">
                    <span class="test-stats">1 test</span>
                  </a> <!-- navigator-link  -->
                </li>
                <li>
                  <a href="#" panel-name="group-Automation_Test_Suite_for_SignIn" class="navigator-link ">
                    <span>0 groups</span>
                  </a> <!-- navigator-link  -->
                </li>
                <li>
                  <a href="#" panel-name="times-Automation_Test_Suite_for_SignIn" class="navigator-link ">
                    <span>Times</span>
                  </a> <!-- navigator-link  -->
                </li>
                <li>
                  <a href="#" panel-name="reporter-Automation_Test_Suite_for_SignIn" class="navigator-link ">
                    <span>Reporter output</span>
                  </a> <!-- navigator-link  -->
                </li>
                <li>
                  <a href="#" panel-name="ignored-methods-Automation_Test_Suite_for_SignIn" class="navigator-link ">
                    <span>Ignored methods</span>
                  </a> <!-- navigator-link  -->
                </li>
                <li>
                  <a href="#" panel-name="chronological-Automation_Test_Suite_for_SignIn" class="navigator-link ">
                    <span>Chronological view</span>
                  </a> <!-- navigator-link  -->
                </li>
              </ul>
            </div> <!-- suite-section-content -->
            <div class="result-section">
              <div class="suite-section-title">
                <span>Results</span>
              </div> <!-- suite-section-title -->
              <div class="suite-section-content">
                <ul>
                  <li>
                    <span class="method-stats">3 methods, 1 failed,  2 skipped,  </span>
                  </li>
                  <li>
                    <span class="method-list-title failed">Failed methods</span>
                    <span class="show-or-hide-methods failed">
                      <a href="#" panel-name="suite-Automation_Test_Suite_for_SignIn" class="hide-methods failed suite-Automation_Test_Suite_for_SignIn"> (hide)</a> <!-- hide-methods failed suite-Automation_Test_Suite_for_SignIn -->
                      <a href="#" panel-name="suite-Automation_Test_Suite_for_SignIn" class="show-methods failed suite-Automation_Test_Suite_for_SignIn"> (show)</a> <!-- show-methods failed suite-Automation_Test_Suite_for_SignIn -->
                    </span>
                    <div class="method-list-content failed suite-Automation_Test_Suite_for_SignIn">
                      <span>
                        <img src="failed.png" width="3%"/>
                        <a href="#" panel-name="suite-Automation_Test_Suite_for_SignIn" title="com.task.automation.test.SignIn" class="method navigator-link" hash-for-method="verifyCreateNewUserWithValid">verifyCreateNewUserWithValid</a> <!-- method navigator-link -->
                      </span>
                      <br/>
                    </div> <!-- method-list-content failed suite-Automation_Test_Suite_for_SignIn -->
                  </li>
                  <li>
                    <span class="method-list-title skipped">Skipped methods</span>
                    <span class="show-or-hide-methods skipped">
                      <a href="#" panel-name="suite-Automation_Test_Suite_for_SignIn" class="hide-methods skipped suite-Automation_Test_Suite_for_SignIn"> (hide)</a> <!-- hide-methods skipped suite-Automation_Test_Suite_for_SignIn -->
                      <a href="#" panel-name="suite-Automation_Test_Suite_for_SignIn" class="show-methods skipped suite-Automation_Test_Suite_for_SignIn"> (show)</a> <!-- show-methods skipped suite-Automation_Test_Suite_for_SignIn -->
                    </span>
                    <div class="method-list-content skipped suite-Automation_Test_Suite_for_SignIn">
                      <span>
                        <img src="skipped.png" width="3%"/>
                        <a href="#" panel-name="suite-Automation_Test_Suite_for_SignIn" title="com.task.automation.test.SignIn" class="method navigator-link" hash-for-method="verifyCreateNewUserWithValid">verifyCreateNewUserWithValid</a> <!-- method navigator-link -->
                      </span>
                      <br/>
                      <span>
                        <img src="skipped.png" width="3%"/>
                        <a href="#" panel-name="suite-Automation_Test_Suite_for_SignIn" title="com.task.automation.test.SignIn" class="method navigator-link" hash-for-method="verifyCreateNewUserWithValid">verifyCreateNewUserWithValid</a> <!-- method navigator-link -->
                      </span>
                      <br/>
                    </div> <!-- method-list-content skipped suite-Automation_Test_Suite_for_SignIn -->
                  </li>
                </ul>
              </div> <!-- suite-section-content -->
            </div> <!-- result-section -->
          </div> <!-- navigator-suite-content -->
        </div> <!-- rounded-window -->
      </div> <!-- suite -->
    </div> <!-- navigator-root -->
    <div class="wrapper">
      <div class="main-panel-root">
        <div panel-name="suite-Automation_Test_Suite_for_SignIn" class="panel Automation_Test_Suite_for_SignIn">
          <div class="suite-Automation_Test_Suite_for_SignIn-class-failed">
            <div class="main-panel-header rounded-window-top">
              <img src="failed.png"/>
              <span class="class-name">com.task.automation.test.SignIn</span>
            </div> <!-- main-panel-header rounded-window-top -->
            <div class="main-panel-content rounded-window-bottom">
              <div class="method">
                <div class="method-content">
                  <a name="verifyCreateNewUserWithValid">
                  </a> <!-- verifyCreateNewUserWithValid -->
                  <span class="method-name">verifyCreateNewUserWithValid</span>
                  <div class="stack-trace">org.openqa.selenium.NoSuchElementException: Unable to locate element: //a[contains(text(),&apos;Create New&apos;)]
For documentation on this error, please visit: http://seleniumhq.org/exceptions/no_such_element.html
Build info: version: &apos;3.14.0&apos;, revision: &apos;aacccce0&apos;, time: &apos;2018-08-02T20:19:58.91Z&apos;
System info: host: &apos;RAKESH-ACER&apos;, ip: &apos;192.168.219.120&apos;, os.name: &apos;Windows 11&apos;, os.arch: &apos;amd64&apos;, os.version: &apos;10.0&apos;, java.version: &apos;11.0.19&apos;
Driver info: org.openqa.selenium.firefox.FirefoxDriver
Capabilities {acceptInsecureCerts: true, browserName: firefox, browserVersion: 72.0.2, javascriptEnabled: true, moz:accessibilityChecks: false, moz:buildID: 20200117190643, moz:geckodriverVersion: 0.33.0, moz:headless: false, moz:processID: 10864, moz:profile: C:\Users\Rakesh\AppData\Loc..., moz:shutdownTimeout: 60000, moz:useNonSpecCompliantPointerOrigin: false, moz:webdriverClick: true, pageLoadStrategy: normal, platform: WINDOWS, platformName: WINDOWS, platformVersion: 10.0, rotatable: false, setWindowRect: true, strictFileInteractability: false, timeouts: {implicit: 0, pageLoad: 300000, script: 30000}, unhandledPromptBehavior: dismiss and notify}
Session ID: ecb8c18e-8841-41b2-9efa-4d95070bb641
*** Element info: {Using=xpath, value=//a[contains(text(),&apos;Create New&apos;)]}
	at org.openqa.selenium.remote.http.W3CHttpResponseCodec.createException(W3CHttpResponseCodec.java:187)
	at org.openqa.selenium.remote.http.W3CHttpResponseCodec.decode(W3CHttpResponseCodec.java:122)
	at org.openqa.selenium.remote.http.W3CHttpResponseCodec.decode(W3CHttpResponseCodec.java:49)
	at org.openqa.selenium.remote.HttpCommandExecutor.execute(HttpCommandExecutor.java:158)
	at org.openqa.selenium.remote.service.DriverCommandExecutor.execute(DriverCommandExecutor.java:83)
	at org.openqa.selenium.remote.RemoteWebDriver.execute(RemoteWebDriver.java:548)
	at org.openqa.selenium.remote.RemoteWebDriver.findElement(RemoteWebDriver.java:322)
	at org.openqa.selenium.remote.RemoteWebDriver.findElementByXPath(RemoteWebDriver.java:424)
	at org.openqa.selenium.By$ByXPath.findElement(By.java:353)
	at org.openqa.selenium.remote.RemoteWebDriver.findElement(RemoteWebDriver.java:314)
	at org.openqa.selenium.support.pagefactory.DefaultElementLocator.findElement(DefaultElementLocator.java:69)
	at org.openqa.selenium.support.pagefactory.internal.LocatingElementHandler.invoke(LocatingElementHandler.java:38)
	at com.sun.proxy.$Proxy15.isDisplayed(Unknown Source)
	at com.task.automation.pages.SignInPage.createNewButtonClickIsDisplayed(SignInPage.java:177)
	at com.task.automation.test.SignIn.verifyCreateNewUserWithValid(SignIn.java:83)
... Removed 33 stack frames
</div> <!-- stack-trace -->
                  <em>
(Verify functionality to Create a new user)                  </em>
                </div> <!-- method-content -->
              </div> <!-- method -->
            </div> <!-- main-panel-content rounded-window-bottom -->
          </div> <!-- suite-Automation_Test_Suite_for_SignIn-class-failed -->
          <div class="suite-Automation_Test_Suite_for_SignIn-class-skipped">
            <div class="main-panel-header rounded-window-top">
              <img src="skipped.png"/>
              <span class="class-name">com.task.automation.test.SignIn</span>
            </div> <!-- main-panel-header rounded-window-top -->
            <div class="main-panel-content rounded-window-bottom">
              <div class="method">
                <div class="method-content">
                  <a name="verifyCreateNewUserWithValid">
                  </a> <!-- verifyCreateNewUserWithValid -->
                  <span class="method-name">verifyCreateNewUserWithValid</span>
                  <div class="stack-trace">org.openqa.selenium.NoSuchElementException: Unable to locate element: //a[contains(text(),&apos;Create New&apos;)]
For documentation on this error, please visit: http://seleniumhq.org/exceptions/no_such_element.html
Build info: version: &apos;3.14.0&apos;, revision: &apos;aacccce0&apos;, time: &apos;2018-08-02T20:19:58.91Z&apos;
System info: host: &apos;RAKESH-ACER&apos;, ip: &apos;192.168.219.120&apos;, os.name: &apos;Windows 11&apos;, os.arch: &apos;amd64&apos;, os.version: &apos;10.0&apos;, java.version: &apos;11.0.19&apos;
Driver info: org.openqa.selenium.firefox.FirefoxDriver
Capabilities {acceptInsecureCerts: true, browserName: firefox, browserVersion: 72.0.2, javascriptEnabled: true, moz:accessibilityChecks: false, moz:buildID: 20200117190643, moz:geckodriverVersion: 0.33.0, moz:headless: false, moz:processID: 10864, moz:profile: C:\Users\Rakesh\AppData\Loc..., moz:shutdownTimeout: 60000, moz:useNonSpecCompliantPointerOrigin: false, moz:webdriverClick: true, pageLoadStrategy: normal, platform: WINDOWS, platformName: WINDOWS, platformVersion: 10.0, rotatable: false, setWindowRect: true, strictFileInteractability: false, timeouts: {implicit: 0, pageLoad: 300000, script: 30000}, unhandledPromptBehavior: dismiss and notify}
Session ID: ecb8c18e-8841-41b2-9efa-4d95070bb641
*** Element info: {Using=xpath, value=//a[contains(text(),&apos;Create New&apos;)]}
	at org.openqa.selenium.remote.http.W3CHttpResponseCodec.createException(W3CHttpResponseCodec.java:187)
	at org.openqa.selenium.remote.http.W3CHttpResponseCodec.decode(W3CHttpResponseCodec.java:122)
	at org.openqa.selenium.remote.http.W3CHttpResponseCodec.decode(W3CHttpResponseCodec.java:49)
	at org.openqa.selenium.remote.HttpCommandExecutor.execute(HttpCommandExecutor.java:158)
	at org.openqa.selenium.remote.service.DriverCommandExecutor.execute(DriverCommandExecutor.java:83)
	at org.openqa.selenium.remote.RemoteWebDriver.execute(RemoteWebDriver.java:548)
	at org.openqa.selenium.remote.RemoteWebDriver.findElement(RemoteWebDriver.java:322)
	at org.openqa.selenium.remote.RemoteWebDriver.findElementByXPath(RemoteWebDriver.java:424)
	at org.openqa.selenium.By$ByXPath.findElement(By.java:353)
	at org.openqa.selenium.remote.RemoteWebDriver.findElement(RemoteWebDriver.java:314)
	at org.openqa.selenium.support.pagefactory.DefaultElementLocator.findElement(DefaultElementLocator.java:69)
	at org.openqa.selenium.support.pagefactory.internal.LocatingElementHandler.invoke(LocatingElementHandler.java:38)
	at com.sun.proxy.$Proxy15.isDisplayed(Unknown Source)
	at com.task.automation.pages.SignInPage.createNewButtonClickIsDisplayed(SignInPage.java:177)
	at com.task.automation.test.SignIn.verifyCreateNewUserWithValid(SignIn.java:83)
... Removed 33 stack frames
</div> <!-- stack-trace -->
                  <em>
(Verify functionality to Create a new user)                  </em>
                </div> <!-- method-content -->
              </div> <!-- method -->
              <div class="method">
                <div class="method-content">
                  <a name="verifyCreateNewUserWithValid">
                  </a> <!-- verifyCreateNewUserWithValid -->
                  <span class="method-name">verifyCreateNewUserWithValid</span>
                  <div class="stack-trace">org.openqa.selenium.NoSuchElementException: Unable to locate element: //a[contains(text(),&apos;Create New&apos;)]
For documentation on this error, please visit: http://seleniumhq.org/exceptions/no_such_element.html
Build info: version: &apos;3.14.0&apos;, revision: &apos;aacccce0&apos;, time: &apos;2018-08-02T20:19:58.91Z&apos;
System info: host: &apos;RAKESH-ACER&apos;, ip: &apos;192.168.219.120&apos;, os.name: &apos;Windows 11&apos;, os.arch: &apos;amd64&apos;, os.version: &apos;10.0&apos;, java.version: &apos;11.0.19&apos;
Driver info: org.openqa.selenium.firefox.FirefoxDriver
Capabilities {acceptInsecureCerts: true, browserName: firefox, browserVersion: 72.0.2, javascriptEnabled: true, moz:accessibilityChecks: false, moz:buildID: 20200117190643, moz:geckodriverVersion: 0.33.0, moz:headless: false, moz:processID: 10864, moz:profile: C:\Users\Rakesh\AppData\Loc..., moz:shutdownTimeout: 60000, moz:useNonSpecCompliantPointerOrigin: false, moz:webdriverClick: true, pageLoadStrategy: normal, platform: WINDOWS, platformName: WINDOWS, platformVersion: 10.0, rotatable: false, setWindowRect: true, strictFileInteractability: false, timeouts: {implicit: 0, pageLoad: 300000, script: 30000}, unhandledPromptBehavior: dismiss and notify}
Session ID: ecb8c18e-8841-41b2-9efa-4d95070bb641
*** Element info: {Using=xpath, value=//a[contains(text(),&apos;Create New&apos;)]}
	at org.openqa.selenium.remote.http.W3CHttpResponseCodec.createException(W3CHttpResponseCodec.java:187)
	at org.openqa.selenium.remote.http.W3CHttpResponseCodec.decode(W3CHttpResponseCodec.java:122)
	at org.openqa.selenium.remote.http.W3CHttpResponseCodec.decode(W3CHttpResponseCodec.java:49)
	at org.openqa.selenium.remote.HttpCommandExecutor.execute(HttpCommandExecutor.java:158)
	at org.openqa.selenium.remote.service.DriverCommandExecutor.execute(DriverCommandExecutor.java:83)
	at org.openqa.selenium.remote.RemoteWebDriver.execute(RemoteWebDriver.java:548)
	at org.openqa.selenium.remote.RemoteWebDriver.findElement(RemoteWebDriver.java:322)
	at org.openqa.selenium.remote.RemoteWebDriver.findElementByXPath(RemoteWebDriver.java:424)
	at org.openqa.selenium.By$ByXPath.findElement(By.java:353)
	at org.openqa.selenium.remote.RemoteWebDriver.findElement(RemoteWebDriver.java:314)
	at org.openqa.selenium.support.pagefactory.DefaultElementLocator.findElement(DefaultElementLocator.java:69)
	at org.openqa.selenium.support.pagefactory.internal.LocatingElementHandler.invoke(LocatingElementHandler.java:38)
	at com.sun.proxy.$Proxy15.isDisplayed(Unknown Source)
	at com.task.automation.pages.SignInPage.createNewButtonClickIsDisplayed(SignInPage.java:177)
	at com.task.automation.test.SignIn.verifyCreateNewUserWithValid(SignIn.java:83)
... Removed 33 stack frames
</div> <!-- stack-trace -->
                  <em>
(Verify functionality to Create a new user)                  </em>
                </div> <!-- method-content -->
              </div> <!-- method -->
            </div> <!-- main-panel-content rounded-window-bottom -->
          </div> <!-- suite-Automation_Test_Suite_for_SignIn-class-skipped -->
        </div> <!-- panel Automation_Test_Suite_for_SignIn -->
        <div panel-name="test-xml-Automation_Test_Suite_for_SignIn" class="panel">
          <div class="main-panel-header rounded-window-top">
            <span class="header-content">C:\Users\Rakesh\Downloads\Compressed\Task-20220515T155317Z-001\Task\resources\testNG_xml\SanitySuite.xml</span>
          </div> <!-- main-panel-header rounded-window-top -->
          <div class="main-panel-content rounded-window-bottom">
            <pre>
&lt;?xml version=&quot;1.0&quot; encoding=&quot;UTF-8&quot;?&gt;
&lt;!DOCTYPE suite SYSTEM &quot;http://testng.org/testng-1.0.dtd&quot;&gt;
&lt;suite name=&quot;Automation Test Suite for SignIn&quot; guice-stage=&quot;DEVELOPMENT&quot; verbose=&quot;0&quot;&gt;
  &lt;listeners&gt;
    &lt;listener class-name=&quot;com.task.automation.util.RetryListener&quot;/&gt;
  &lt;/listeners&gt;
  &lt;test thread-count=&quot;5&quot; name=&quot;Automation SignIn&quot; verbose=&quot;0&quot;&gt;
    &lt;classes&gt;
      &lt;class name=&quot;com.task.automation.test.SignIn&quot;/&gt;
    &lt;/classes&gt;
  &lt;/test&gt; &lt;!-- Automation SignIn --&gt;
&lt;/suite&gt; &lt;!-- Automation Test Suite for SignIn --&gt;
            </pre>
          </div> <!-- main-panel-content rounded-window-bottom -->
        </div> <!-- panel -->
        <div panel-name="testlist-Automation_Test_Suite_for_SignIn" class="panel">
          <div class="main-panel-header rounded-window-top">
            <span class="header-content">Tests for Automation Test Suite for SignIn</span>
          </div> <!-- main-panel-header rounded-window-top -->
          <div class="main-panel-content rounded-window-bottom">
            <ul>
              <li>
                <span class="test-name">Automation SignIn (1 class)</span>
              </li>
            </ul>
          </div> <!-- main-panel-content rounded-window-bottom -->
        </div> <!-- panel -->
        <div panel-name="group-Automation_Test_Suite_for_SignIn" class="panel">
          <div class="main-panel-header rounded-window-top">
            <span class="header-content">Groups for Automation Test Suite for SignIn</span>
          </div> <!-- main-panel-header rounded-window-top -->
          <div class="main-panel-content rounded-window-bottom">
          </div> <!-- main-panel-content rounded-window-bottom -->
        </div> <!-- panel -->
        <div panel-name="times-Automation_Test_Suite_for_SignIn" class="panel">
          <div class="main-panel-header rounded-window-top">
            <span class="header-content">Times for Automation Test Suite for SignIn</span>
          </div> <!-- main-panel-header rounded-window-top -->
          <div class="main-panel-content rounded-window-bottom">
            <div class="times-div">
              <script type="text/javascript">
suiteTableInitFunctions.push('tableData_Automation_Test_Suite_for_SignIn');
function tableData_Automation_Test_Suite_for_SignIn() {
var data = new google.visualization.DataTable();
data.addColumn('number', 'Number');
data.addColumn('string', 'Method');
data.addColumn('string', 'Class');
data.addColumn('number', 'Time (ms)');
data.addRows(3);
data.setCell(0, 0, 0)
data.setCell(0, 1, 'verifyCreateNewUserWithValid')
data.setCell(0, 2, 'com.task.automation.test.SignIn')
data.setCell(0, 3, 13343);
data.setCell(1, 0, 1)
data.setCell(1, 1, 'verifyCreateNewUserWithValid')
data.setCell(1, 2, 'com.task.automation.test.SignIn')
data.setCell(1, 3, 11911);
data.setCell(2, 0, 2)
data.setCell(2, 1, 'verifyCreateNewUserWithValid')
data.setCell(2, 2, 'com.task.automation.test.SignIn')
data.setCell(2, 3, 11881);
window.suiteTableData['Automation_Test_Suite_for_SignIn']= { tableData: data, tableDiv: 'times-div-Automation_Test_Suite_for_SignIn'}
return data;
}
              </script>
              <span class="suite-total-time">Total running time: 37 seconds</span>
              <div id="times-div-Automation_Test_Suite_for_SignIn">
              </div> <!-- times-div-Automation_Test_Suite_for_SignIn -->
            </div> <!-- times-div -->
          </div> <!-- main-panel-content rounded-window-bottom -->
        </div> <!-- panel -->
        <div panel-name="reporter-Automation_Test_Suite_for_SignIn" class="panel">
          <div class="main-panel-header rounded-window-top">
            <span class="header-content">Reporter output for Automation Test Suite for SignIn</span>
          </div> <!-- main-panel-header rounded-window-top -->
          <div class="main-panel-content rounded-window-bottom">
          </div> <!-- main-panel-content rounded-window-bottom -->
        </div> <!-- panel -->
        <div panel-name="ignored-methods-Automation_Test_Suite_for_SignIn" class="panel">
          <div class="main-panel-header rounded-window-top">
            <span class="header-content">0 ignored methods</span>
          </div> <!-- main-panel-header rounded-window-top -->
          <div class="main-panel-content rounded-window-bottom">
          </div> <!-- main-panel-content rounded-window-bottom -->
        </div> <!-- panel -->
        <div panel-name="chronological-Automation_Test_Suite_for_SignIn" class="panel">
          <div class="main-panel-header rounded-window-top">
            <span class="header-content">Methods in chronological order</span>
          </div> <!-- main-panel-header rounded-window-top -->
          <div class="main-panel-content rounded-window-bottom">
            <div class="chronological-class">
              <div class="chronological-class-name">com.task.automation.test.SignIn</div> <!-- chronological-class-name -->
              <div class="configuration-suite before">
                <span class="method-name">config(Optional name Automation , Automation Report)</span>
                <span class="method-start">0 ms</span>
              </div> <!-- configuration-suite before -->
              <div class="configuration-test before">
                <span class="method-name">beforeTest</span>
                <span class="method-start">121 ms</span>
              </div> <!-- configuration-test before -->
              <div class="configuration-method before">
                <span class="method-name">beforeMethod</span>
                <span class="method-start">2679 ms</span>
              </div> <!-- configuration-method before -->
              <div class="test-method">
                <span class="method-name">verifyCreateNewUserWithValid</span>
                <span class="method-start">2972 ms</span>
              </div> <!-- test-method -->
              <div class="configuration-method after">
                <span class="method-name">afterMethod([TestResult name=verifyCreateNewUserWithValid status=SKIP method=SignIn.verifyCreateNewUserWithValid...)</span>
                <span class="method-start">16316 ms</span>
              </div> <!-- configuration-method after -->
              <div class="configuration-method before">
                <span class="method-name">beforeMethod</span>
                <span class="method-start">26431 ms</span>
              </div> <!-- configuration-method before -->
              <div class="test-method">
                <span class="method-name">verifyCreateNewUserWithValid</span>
                <span class="method-start">26451 ms</span>
              </div> <!-- test-method -->
              <div class="configuration-method after">
                <span class="method-name">afterMethod([TestResult name=verifyCreateNewUserWithValid status=SKIP method=SignIn.verifyCreateNewUserWithValid...)</span>
                <span class="method-start">38333 ms</span>
              </div> <!-- configuration-method after -->
              <div class="configuration-method before">
                <span class="method-name">beforeMethod</span>
                <span class="method-start">48431 ms</span>
              </div> <!-- configuration-method before -->
              <div class="test-method">
                <img src="failed.png">
                </img>
                <span class="method-name">verifyCreateNewUserWithValid</span>
                <span class="method-start">48454 ms</span>
              </div> <!-- test-method -->
              <div class="configuration-method after">
                <span class="method-name">afterMethod([TestResult name=verifyCreateNewUserWithValid status=FAILURE method=SignIn.verifyCreateNewUserWithVa...)</span>
                <span class="method-start">60368 ms</span>
              </div> <!-- configuration-method after -->
              <div class="configuration-test after">
                <span class="method-name">afterTest</span>
                <span class="method-start">70457 ms</span>
              </div> <!-- configuration-test after -->
              <div class="configuration-suite after">
                <span class="method-name">endReport</span>
                <span class="method-start">71140 ms</span>
              </div> <!-- configuration-suite after -->
          </div> <!-- main-panel-content rounded-window-bottom -->
        </div> <!-- panel -->
      </div> <!-- main-panel-root -->
    </div> <!-- wrapper -->
  </body>
</html>
